<?xml version="1.0" encoding="UTF-8"?>
<!-- Generated by org.testng.reporters.JUnitXMLReporter -->
<testsuite ignored="0" hostname="Eswar" failures="0" tests="3" name="Default test" time="0.122" errors="0" timestamp="23 Jun 2018 09:38:02 GMT">
  <testcase classname="sample.GroupsTest" name="Colors" time="0.015"/>
  <testcase classname="sample.GroupsTest" name="Flowers" time="0.006"/>
  <testcase classname="sample.GroupsTest" name="Sunflower" time="0.003"/>
</testsuite> <!-- Default test -->
