<?xml version="1.0" encoding="UTF-8"?>
<!-- Generated by org.testng.reporters.JUnitXMLReporter -->
<testsuite ignored="1" hostname="Eswar" failures="0" tests="2" name="Test" time="0.087" errors="0" timestamp="23 Jun 2018 09:42:08 GMT">
  <testcase classname="sample.GroupsTest" name="Colors" time="0.02"/>
  <testcase classname="sample.GroupsTest" name="Flowers" time="0.003"/>
  <testcase classname="sample.GroupsTest" name="Sunflower" time="0.0">
    <ignored/>
  </testcase> <!-- Sunflower -->
</testsuite> <!-- Test -->
