<?xml version="1.0" encoding="UTF-8"?>
<testng-results ignored="1" total="3" passed="2" failed="0" skipped="0">
  <reporter-output>
  </reporter-output>
  <suite started-at="2018-06-23T09:42:07Z" name="Suite" finished-at="2018-06-23T09:42:08Z" duration-ms="87">
    <groups>
      <group name="Flowers">
        <method signature="GroupsTest.Colors()[pri:0, instance:sample.GroupsTest@6e509ffa]" name="Colors" class="sample.GroupsTest"/>
        <method signature="GroupsTest.Flowers()[pri:0, instance:sample.GroupsTest@6e509ffa]" name="Flowers" class="sample.GroupsTest"/>
      </group> <!-- Flowers -->
    </groups>
    <test started-at="2018-06-23T09:42:07Z" name="Test" finished-at="2018-06-23T09:42:08Z" duration-ms="87">
      <class name="sample.GroupsTest">
        <test-method signature="Colors()[pri:0, instance:sample.GroupsTest@6e509ffa]" started-at="2018-06-23T09:42:07Z" name="Colors" finished-at="2018-06-23T09:42:08Z" duration-ms="20" status="PASS">
          <reporter-output>
          </reporter-output>
        </test-method> <!-- Colors -->
        <test-method signature="Flowers()[pri:0, instance:sample.GroupsTest@6e509ffa]" started-at="2018-06-23T09:42:08Z" name="Flowers" finished-at="2018-06-23T09:42:08Z" duration-ms="3" status="PASS">
          <reporter-output>
          </reporter-output>
        </test-method> <!-- Flowers -->
      </class> <!-- sample.GroupsTest -->
    </test> <!-- Test -->
  </suite> <!-- Suite -->
</testng-results>
